<?xml version="1.0" encoding="UTF-8"?>
<!-- Generated by org.testng.reporters.JUnitReportReporter -->
<testsuite skipped="0" hostname="user-PC" name="com.freecrm.qa.testcases.LoginPageTest" tests="3" failures="0" timestamp="17 Jan 2019 09:48:15 GMT" time="33.655" errors="0">
  <testcase name="loginPageTitleTest" time="8.538" classname="com.freecrm.qa.testcases.LoginPageTest"/>
  <testcase name="crmLogoImageTest" time="8.461" classname="com.freecrm.qa.testcases.LoginPageTest"/>
  <testcase name="loginTest" time="16.656" classname="com.freecrm.qa.testcases.LoginPageTest"/>
</testsuite> <!-- com.freecrm.qa.testcases.LoginPageTest -->
