<?xml version="1.0" encoding="UTF-8"?>
<!-- Generated by org.testng.reporters.JUnitReportReporter -->
<testsuite skipped="0" hostname="user-PC" name="com.freecrm.qa.testcases.ContextPageTest" tests="6" failures="0" timestamp="13 Jan 2019 10:19:18 GMT" time="117.019" errors="0">
  <testcase name="verifyContactPageLabelTest" time="15.137" classname="com.freecrm.qa.testcases.ContextPageTest"/>
  <testcase name="selectSingleContactTextTest" time="22.483" classname="com.freecrm.qa.testcases.ContextPageTest"/>
  <testcase name="selectMultipleContactTextTest" time="16.487" classname="com.freecrm.qa.testcases.ContextPageTest"/>
  <testcase name="validateNewContact" time="20.339" classname="com.freecrm.qa.testcases.ContextPageTest"/>
  <testcase name="validateNewContact" time="21.713" classname="com.freecrm.qa.testcases.ContextPageTest"/>
  <testcase name="validateNewContact" time="20.860" classname="com.freecrm.qa.testcases.ContextPageTest"/>
</testsuite> <!-- com.freecrm.qa.testcases.ContextPageTest -->
