<?xml version="1.0" encoding="UTF-8"?>
<!-- Generated by org.testng.reporters.JUnitReportReporter -->
<testsuite skipped="0" hostname="user-PC" name="com.freecrm.qa.testcases.HomePageTest" tests="3" failures="0" timestamp="13 Jan 2019 10:19:18 GMT" time="47.426" errors="0">
  <testcase name="verifyHomePageTitleTest" time="15.005" classname="com.freecrm.qa.testcases.HomePageTest"/>
  <testcase name="verifyUserNameTest" time="14.756" classname="com.freecrm.qa.testcases.HomePageTest"/>
  <testcase name="verifyContactLinkTest" time="17.665" classname="com.freecrm.qa.testcases.HomePageTest"/>
</testsuite> <!-- com.freecrm.qa.testcases.HomePageTest -->
