<?xml version="1.0" encoding="UTF-8"?>
<!-- Generated by org.testng.reporters.JUnitReportReporter -->
<testsuite skipped="0" hostname="user-PC" name="com.freecrm.qa.testcases.LoginPageTest" tests="3" failures="0" timestamp="21 Mar 2019 12:07:09 GMT" time="33.217" errors="0">
  <testcase name="loginPageTitleTest" time="8.903" classname="com.freecrm.qa.testcases.LoginPageTest"/>
  <testcase name="crmLogoImageTest" time="10.426" classname="com.freecrm.qa.testcases.LoginPageTest"/>
  <testcase name="loginTest" time="13.888" classname="com.freecrm.qa.testcases.LoginPageTest"/>
</testsuite> <!-- com.freecrm.qa.testcases.LoginPageTest -->
