<?xml version="1.0" encoding="UTF-8"?>
<!-- Generated by org.testng.reporters.JUnitReportReporter -->
<testsuite skipped="0" hostname="user-PC" name="com.freecrm.qa.testcases.ContextPageTest" tests="6" failures="0" timestamp="21 Mar 2019 06:33:51 GMT" time="100.763" errors="0">
  <testcase name="verifyContactPageLabelTest" time="15.177" classname="com.freecrm.qa.testcases.ContextPageTest"/>
  <testcase name="selectSingleContactTextTest" time="14.718" classname="com.freecrm.qa.testcases.ContextPageTest"/>
  <testcase name="selectMultipleContactTextTest" time="14.386" classname="com.freecrm.qa.testcases.ContextPageTest"/>
  <testcase name="validateNewContact" time="18.806" classname="com.freecrm.qa.testcases.ContextPageTest"/>
  <testcase name="validateNewContact" time="18.585" classname="com.freecrm.qa.testcases.ContextPageTest"/>
  <testcase name="validateNewContact" time="19.091" classname="com.freecrm.qa.testcases.ContextPageTest"/>
</testsuite> <!-- com.freecrm.qa.testcases.ContextPageTest -->
