<?xml version="1.0" encoding="UTF-8"?>
<!-- Generated by org.testng.reporters.JUnitReportReporter -->
<testsuite skipped="0" hostname="user-PC" name="com.freecrm.qa.testcases.HomePageTest" tests="3" failures="0" timestamp="21 Mar 2019 06:33:51 GMT" time="44.174" errors="0">
  <testcase name="verifyHomePageTitleTest" time="16.346" classname="com.freecrm.qa.testcases.HomePageTest"/>
  <testcase name="verifyUserNameTest" time="13.646" classname="com.freecrm.qa.testcases.HomePageTest"/>
  <testcase name="verifyContactLinkTest" time="14.182" classname="com.freecrm.qa.testcases.HomePageTest"/>
</testsuite> <!-- com.freecrm.qa.testcases.HomePageTest -->
